TN:
SF:/home/tav/exercise2/tav-task3/src/area.c
FN:3,28,area
FNDA:6,area
FNF:1
FNH:1
BRDA:6,0,0,2
BRDA:6,0,1,4
BRDA:11,0,0,2
BRDA:11,0,1,2
BRDA:16,0,0,0
BRDA:16,0,1,2
BRDA:21,0,0,2
BRDA:21,0,1,0
BRF:8
BRH:6
DA:3,6
DA:6,6
DA:8,2
DA:9,2
DA:11,4
DA:13,2
DA:14,2
DA:16,2
DA:18,0
DA:19,0
DA:21,2
DA:23,2
DA:24,2
DA:27,0
LF:14
LH:11
end_of_record
TN:
SF:/home/tav/exercise2/tav-task3/src/testarea.c
FN:6,12,main
FNDA:2,main
FNF:1
FNH:1
BRDA:8,0,0,0
BRDA:8,0,1,2
BRDA:9,0,0,0
BRDA:9,0,1,2
BRDA:10,0,0,0
BRDA:10,0,1,2
BRF:6
BRH:3
DA:6,2
DA:8,2
DA:9,2
DA:10,2
DA:11,2
LF:5
LH:5
end_of_record
